wirelessapp/RemoteBluetooth/app/build/outputs/logs/manifest-merger-debug-report.txt
-- Merging decision tree log ---
manifest
ADDED from src\main\AndroidManifest.xml:2:1-28:12
	package
		ADDED from src\main\AndroidManifest.xml:2:11-56
		INJECTED from src\main\AndroidManifest.xml
		INJECTED from src\main\AndroidManifest.xml
	android:versionName
		ADDED from src\main\AndroidManifest.xml:4:7-32
		INJECTED from src\main\AndroidManifest.xml
		INJECTED from src\main\AndroidManifest.xml
	android:versionCode
		ADDED from src\main\AndroidManifest.xml:3:7-30
		INJECTED from src\main\AndroidManifest.xml
		INJECTED from src\main\AndroidManifest.xml
	xmlns:android
		ADDED from src\main\AndroidManifest.xml:4:33-91
uses-sdk
ADDED from src\main\AndroidManifest.xml:5:5-43
	android:targetSdkVersion
		INJECTED from src\main\AndroidManifest.xml
		INJECTED from src\main\AndroidManifest.xml
	android:minSdkVersion
		ADDED from src\main\AndroidManifest.xml:5:15-40
		INJECTED from src\main\AndroidManifest.xml
		INJECTED from src\main\AndroidManifest.xml
uses-permission#android.permission.BLUETOOTH_ADMIN
ADDED from src\main\AndroidManifest.xml:6:5-74
	android:name
		ADDED from src\main\AndroidManifest.xml:6:22-71
uses-permission#android.permission.BLUETOOTH
ADDED from src\main\AndroidManifest.xml:7:5-68
	android:name
		ADDED from src\main\AndroidManifest.xml:7:22-65
application
ADDED from src\main\AndroidManifest.xml:8:2-27:19
	android:label
		ADDED from src\main\AndroidManifest.xml:8:45-77
	android:icon
		ADDED from src\main\AndroidManifest.xml:8:15-44
activity#com.pptremote.apps.remotebluetooth.SplashActivity
ADDED from src\main\AndroidManifest.xml:9:9-17:20
	android:screenOrientation
		ADDED from src\main\AndroidManifest.xml:11:19-55
	android:label
		ADDED from src\main\AndroidManifest.xml:10:19-51
	android:theme
		ADDED from src\main\AndroidManifest.xml:12:19-72
	android:name
		ADDED from src\main\AndroidManifest.xml:9:19-83
intent-filter#android.intent.action.MAIN+android.intent.category.LAUNCHER
ADDED from src\main\AndroidManifest.xml:13:13-16:29
action#android.intent.action.MAIN
ADDED from src\main\AndroidManifest.xml:14:17-69
	android:name
		ADDED from src\main\AndroidManifest.xml:14:25-66
category#android.intent.category.LAUNCHER
ADDED from src\main\AndroidManifest.xml:15:17-77
	android:name
		ADDED from src\main\AndroidManifest.xml:15:27-74
activity#com.pptremote.apps.remotebluetooth.RemoteBluetooth
ADDED from src\main\AndroidManifest.xml:19:9-21:20
	android:label
		ADDED from src\main\AndroidManifest.xml:20:19-51
	android:name
		ADDED from src\main\AndroidManifest.xml:19:19-84
activity#com.pptremote.apps.remotebluetooth.DeviceListActivity
ADDED from src\main\AndroidManifest.xml:22:9-25:72
	android:label
		ADDED from src\main\AndroidManifest.xml:23:19-56
	android:configChanges
		ADDED from src\main\AndroidManifest.xml:25:19-69
	android:theme
		ADDED from src\main\AndroidManifest.xml:24:19-62
	android:name
		ADDED from src\main\AndroidManifest.xml:22:19-87